---------------------------------------------------------------
[ 2020-04-16T16:27:44+08:00 ] 127.0.0.1 POST www.wlj.com/upload
[运行时间：0.220988s] [吞吐率：4.53req/s] [内存消耗：359.44kb] [文件加载：41]
[ info ] [ LANG ] E:\code\git\Office-Automation\www\thinkphp\lang\zh-cn.php
[ info ] [ ROUTE ] array (
  'type' => 'module',
  'module' => 
  array (
    0 => 'upload',
    1 => NULL,
    2 => NULL,
  ),
)
[ info ] [ HEADER ] array (
  'referer' => 'https://servicewechat.com/wx9097c11448b32173/devtools/page-frame.html',
  'user-agent' => 'Mozilla/5.0 (iPhone; CPU iPhone OS 11_0 like Mac OS X) AppleWebKit/604.1.38 (KHTML, like Gecko) Version/11.0 Mobile/15A372 Safari/604.1 wechatdevtools/1.02.2004020 MicroMessenger/7.0.4 Language/zh_CN webview/',
  'host' => 'www.wlj.com',
  'content-type' => 'multipart/form-data; boundary=--------------------------116858433972154662164242',
  'content-length' => '12524',
  'connection' => 'close',
)
[ info ] [ PARAM ] array (
  'title' => '阅读简历已完成',
)
[ info ] [ RUN ] app\upload\controller\Index->index[ E:\code\git\Office-Automation\www\application\upload\controller\Index.php ]
[ info ] [ DB ] INIT mysql
[ info ] [ LOG ] INIT File
[ sql ] [ DB ] CONNECT:[ UseTime:0.002941s ] mysql:host=127.0.0.1;dbname=oa;charset=utf8
[ sql ] [ SQL ] SHOW COLUMNS FROM `file` [ RunTime:0.015183s ]
[ sql ] [ SQL ] INSERT INTO `file` (`file_name` , `file_path`) VALUES ('阅读简历已完成.docx' , '20200416\\e77dbda5ae81d177b46501ee3684c2e7.docx') [ RunTime:0.001089s ]
